2025-07-31 16:08:45,916 - kubernetes - INFO - Creating pod: test-pod in namespace: test-namespace
2025-07-31 16:08:45,920 - kubernetes - INFO - Test Kubernetes log message
2025-07-31 16:08:55,312 - kubernetes - INFO - Collected logs for pod alertmanager-prometheus-kube-prometheus-alertmanager-0 in default
2025-07-31 16:08:56,192 - kubernetes - INFO - Collected logs for pod loki-0 in default
2025-07-31 16:08:58,243 - kubernetes - INFO - Collected logs for pod loki-promtail-c9fzz in default
2025-07-31 16:08:58,952 - kubernetes - INFO - Collected logs for pod my-grafana-7bcc5c97bd-dgsx8 in default
2025-07-31 16:09:00,318 - kubernetes - INFO - Collected logs for pod my-prometheus-alertmanager-0 in default
2025-07-31 16:09:00,799 - kubernetes - INFO - Collected logs for pod my-prometheus-kube-state-metrics-8554857ddd-m4st5 in default
2025-07-31 16:09:01,133 - kubernetes - INFO - Collected logs for pod my-prometheus-prometheus-node-exporter-gkwz4 in default
2025-07-31 16:09:01,616 - kubernetes - INFO - Collected logs for pod my-prometheus-prometheus-pushgateway-7566857868-7mmdc in default
2025-07-31 16:09:02,457 - kubernetes - INFO - Collected logs for pod my-prometheus-server-794fdf9d97-7hcp4 in default
2025-07-31 16:09:03,439 - kubernetes - INFO - Collected logs for pod prometheus-kube-prometheus-operator-d89fb8945-f7n5z in default
2025-07-31 16:09:04,339 - kubernetes - INFO - Collected logs for pod prometheus-kube-state-metrics-7f5f75c85d-bsrrl in default
2025-07-31 16:09:05,384 - kubernetes - INFO - Collected logs for pod prometheus-prometheus-kube-prometheus-prometheus-0 in default
2025-07-31 16:09:06,693 - kubernetes - INFO - Collected logs for pod prometheus-prometheus-node-exporter-qlgh4 in default
2025-07-31 16:09:07,279 - kubernetes - INFO - Collected logs for pod app-pod-25437d42 in demo-namespace
2025-07-31 16:09:08,386 - kubernetes - INFO - Collected logs for pod hi-dep-c186dad7-cc97fc965-d2l9s in demo-namespace
2025-07-31 16:09:09,684 - kubernetes - INFO - Collected logs for pod hi-dep-c186dad7-cc97fc965-zsq99 in demo-namespace
2025-07-31 16:09:10,535 - kubernetes - INFO - Collected logs for pod metrics-app-57fbea6d-6dcfbf5c49-4m9dh in demo-namespace
2025-07-31 16:09:12,936 - kubernetes - INFO - Collected logs for pod ingress-nginx-admission-create-vp75m in ingress-nginx
2025-07-31 16:09:14,087 - kubernetes - INFO - Collected logs for pod ingress-nginx-admission-patch-x9xnf in ingress-nginx
2025-07-31 16:09:15,643 - kubernetes - INFO - Collected logs for pod ingress-nginx-controller-7685dbc8fb-scqck in ingress-nginx
2025-07-31 16:09:18,348 - kubernetes - INFO - Collected logs for pod coredns-674b8bbfcf-mblsb in kube-system
2025-07-31 16:09:36,676 - kubernetes - INFO - Collected logs for pod etcd-minikube in kube-system
2025-07-31 16:09:41,436 - kubernetes - INFO - Collected logs for pod kube-apiserver-minikube in kube-system
2025-07-31 16:09:42,490 - kubernetes - INFO - Collected logs for pod kube-controller-manager-minikube in kube-system
2025-07-31 16:09:43,383 - kubernetes - INFO - Collected logs for pod kube-proxy-stnnw in kube-system
2025-07-31 16:09:43,744 - kubernetes - INFO - Collected logs for pod kube-scheduler-minikube in kube-system
2025-07-31 16:09:44,464 - kubernetes - INFO - Collected logs for pod storage-provisioner in kube-system
2025-07-31 16:09:44,812 - kubernetes - INFO - Collected logs for pod nginx-dep-7b8f6d7b7d-74tpr in notes-app
2025-07-31 16:09:45,668 - kubernetes - INFO - Collected logs for pod nginx-dep-7b8f6d7b7d-kww9s in notes-app
2025-07-31 16:09:46,207 - kubernetes - INFO - Collected logs for pod notes-app-dep-79654bcf89-8zc84 in notes-app
2025-07-31 16:09:48,073 - kubernetes - INFO - Collected logs for pod notes-app-dep-79654bcf89-xwmf8 in notes-app
2025-07-31 16:09:48,961 - kubernetes - INFO - Successfully collected Kubernetes events
2025-07-31 16:11:36,861 - kubernetes - INFO - Collected logs for pod alertmanager-prometheus-kube-prometheus-alertmanager-0 in default
2025-07-31 16:11:37,045 - kubernetes - INFO - Collected logs for pod loki-0 in default
2025-07-31 16:11:39,033 - kubernetes - INFO - Collected logs for pod loki-promtail-c9fzz in default
2025-07-31 16:11:40,885 - kubernetes - INFO - Collected logs for pod my-grafana-7bcc5c97bd-dgsx8 in default
2025-07-31 16:11:42,799 - kubernetes - INFO - Collected logs for pod my-prometheus-alertmanager-0 in default
2025-07-31 16:11:43,178 - kubernetes - INFO - Collected logs for pod my-prometheus-kube-state-metrics-8554857ddd-m4st5 in default
2025-07-31 16:11:43,355 - kubernetes - INFO - Collected logs for pod my-prometheus-prometheus-node-exporter-gkwz4 in default
2025-07-31 16:11:43,903 - kubernetes - INFO - Collected logs for pod my-prometheus-prometheus-pushgateway-7566857868-7mmdc in default
2025-07-31 16:11:44,282 - kubernetes - INFO - Collected logs for pod my-prometheus-server-794fdf9d97-7hcp4 in default
2025-07-31 16:11:44,572 - kubernetes - INFO - Collected logs for pod prometheus-kube-prometheus-operator-d89fb8945-f7n5z in default
2025-07-31 16:11:44,769 - kubernetes - INFO - Collected logs for pod prometheus-kube-state-metrics-7f5f75c85d-bsrrl in default
2025-07-31 16:11:45,209 - kubernetes - INFO - Collected logs for pod prometheus-prometheus-kube-prometheus-prometheus-0 in default
2025-07-31 16:11:45,456 - kubernetes - INFO - Collected logs for pod prometheus-prometheus-node-exporter-qlgh4 in default
2025-07-31 16:11:45,913 - kubernetes - INFO - Collected logs for pod app-pod-25437d42 in demo-namespace
2025-07-31 16:11:46,788 - kubernetes - INFO - Collected logs for pod hi-dep-c186dad7-cc97fc965-d2l9s in demo-namespace
2025-07-31 16:11:47,819 - kubernetes - INFO - Collected logs for pod hi-dep-c186dad7-cc97fc965-zsq99 in demo-namespace
2025-07-31 16:11:48,676 - kubernetes - INFO - Collected logs for pod metrics-app-57fbea6d-6dcfbf5c49-4m9dh in demo-namespace
2025-07-31 16:11:49,189 - kubernetes - INFO - Collected logs for pod ingress-nginx-admission-create-vp75m in ingress-nginx
2025-07-31 16:11:49,414 - kubernetes - INFO - Collected logs for pod ingress-nginx-admission-patch-x9xnf in ingress-nginx
2025-07-31 16:11:49,793 - kubernetes - INFO - Collected logs for pod ingress-nginx-controller-7685dbc8fb-scqck in ingress-nginx
2025-07-31 16:11:50,750 - kubernetes - INFO - Collected logs for pod coredns-674b8bbfcf-mblsb in kube-system
2025-07-31 16:11:59,885 - kubernetes - INFO - Collected logs for pod etcd-minikube in kube-system
2025-07-31 16:12:00,297 - kubernetes - INFO - Collected logs for pod kube-apiserver-minikube in kube-system
2025-07-31 16:12:00,519 - kubernetes - INFO - Collected logs for pod kube-controller-manager-minikube in kube-system
2025-07-31 16:12:00,869 - kubernetes - INFO - Collected logs for pod kube-proxy-stnnw in kube-system
2025-07-31 16:12:01,297 - kubernetes - INFO - Collected logs for pod kube-scheduler-minikube in kube-system
2025-07-31 16:12:01,585 - kubernetes - INFO - Collected logs for pod storage-provisioner in kube-system
2025-07-31 16:12:01,932 - kubernetes - INFO - Collected logs for pod nginx-dep-7b8f6d7b7d-74tpr in notes-app
2025-07-31 16:12:02,458 - kubernetes - INFO - Collected logs for pod nginx-dep-7b8f6d7b7d-kww9s in notes-app
2025-07-31 16:12:02,959 - kubernetes - INFO - Collected logs for pod notes-app-dep-79654bcf89-8zc84 in notes-app
2025-07-31 16:12:03,418 - kubernetes - INFO - Collected logs for pod notes-app-dep-79654bcf89-xwmf8 in notes-app
2025-07-31 16:12:05,178 - kubernetes - INFO - Successfully collected Kubernetes events
2025-07-31 16:13:35,052 - kubernetes - INFO - Creating namespace: domainset in namespace: domainset
2025-07-31 16:13:35,057 - kubernetes - INFO - Creating service_deployment: app-service in namespace: domainset
2025-07-31 16:13:35,068 - kubernetes - INFO - Creating volume: app-volume in namespace: domainset
2025-07-31 16:13:51,187 - kubernetes - INFO - Creating namespace: domainset in namespace: domainset
2025-07-31 16:13:51,193 - kubernetes - INFO - Creating service_deployment: app-service in namespace: domainset
2025-07-31 16:13:51,228 - kubernetes - INFO - Creating volume: app-volume in namespace: domainset
