ts=2025-07-31T10:39:25.490308279Z level=info caller=/workspace/cmd/operator/main.go:214 msg="Starting Prometheus Operator" version="(version=0.83.0, branch=, revision=5cf2f5d)" build_context="(go=go1.24.3, platform=linux/amd64, user=, date=20250530-07:45:21, tags=unknown)" feature_gates="PrometheusAgentDaemonSet=false,PrometheusShardRetentionPolicy=false,PrometheusTopologySharding=false,StatusForConfigurationResources=false"
ts=2025-07-31T10:39:25.510651779Z level=info caller=/workspace/internal/goruntime/cpu.go:27 msg="Leaving GOMAXPROCS=4: CPU quota undefined"
ts=2025-07-31T10:39:25.512231184Z level=info caller=/workspace/cmd/operator/main.go:227 msg="namespaces filtering configuration " config="{allow_list=\"\",deny_list=\"\",prometheus_allow_list=\"\",alertmanager_allow_list=\"\",alertmanagerconfig_allow_list=\"\",thanosruler_allow_list=\"\"}"
ts=2025-07-31T10:39:26.341503934Z level=info caller=/workspace/cmd/operator/main.go:268 msg="connection established" kubernetes_version=1.33.1
ts=2025-07-31T10:39:28.008854486Z level=info caller=/workspace/cmd/operator/main.go:353 msg="Kubernetes API capabilities" endpointslices=true
ts=2025-07-31T10:39:31.752418138Z level=warn caller=/workspace/pkg/server/server.go:158 msg="server TLS client verification disabled" client_ca_file=/etc/tls/private/tls-ca.crt err="stat /etc/tls/private/tls-ca.crt: no such file or directory"
ts=2025-07-31T10:39:31.952453295Z level=info caller=/workspace/pkg/kubelet/controller.go:207 msg="Starting controller" component=kubelet_endpoints kubelet_object=kube-system/prometheus-kube-prometheus-kubelet
ts=2025-07-31T10:39:32.002242249Z level=info caller=/workspace/pkg/server/server.go:295 msg="starting secure server" address=[::]:10250 http2=false
ts=2025-07-31T10:39:32.016599788Z level=info caller=/go/pkg/mod/k8s.io/apiserver@v0.33.1/pkg/server/dynamiccertificates/tlsconfig.go:243 msg="Starting DynamicServingCertificateController"
ts=2025-07-31T10:39:32.189402708Z level=info caller=/go/pkg/mod/k8s.io/client-go@v0.33.1/tools/cache/shared_informer.go:350 msg="Waiting for caches to sync" controller=alertmanager
ts=2025-07-31T10:39:32.198490543Z level=info caller=/go/pkg/mod/k8s.io/client-go@v0.33.1/tools/cache/shared_informer.go:350 msg="Waiting for caches to sync" controller=prometheus
ts=2025-07-31T10:39:31.997906995Z level=info caller=/go/pkg/mod/k8s.io/client-go@v0.33.1/tools/cache/shared_informer.go:350 msg="Waiting for caches to sync" controller=thanos
ts=2025-07-31T10:39:32.258410991Z level=info caller=/go/pkg/mod/k8s.io/client-go@v0.33.1/tools/cache/shared_informer.go:350 msg="Waiting for caches to sync" controller=prometheusagent
ts=2025-07-31T10:39:32.355474456Z level=info caller=/go/pkg/mod/k8s.io/apiserver@v0.33.1/pkg/server/dynamiccertificates/dynamic_serving_content.go:135 msg="Starting controller" name=servingCert::/cert/cert::/cert/key
ts=2025-07-31T10:39:33.680413287Z level=info caller=/go/pkg/mod/k8s.io/client-go@v0.33.1/tools/cache/shared_informer.go:357 msg="Caches are synced" controller=thanos
ts=2025-07-31T10:39:33.680496055Z level=info caller=/go/pkg/mod/k8s.io/client-go@v0.33.1/tools/cache/shared_informer.go:350 msg="Waiting for caches to sync" controller=thanos
ts=2025-07-31T10:39:33.680505609Z level=info caller=/go/pkg/mod/k8s.io/client-go@v0.33.1/tools/cache/shared_informer.go:357 msg="Caches are synced" controller=thanos
ts=2025-07-31T10:39:33.680516016Z level=info caller=/go/pkg/mod/k8s.io/client-go@v0.33.1/tools/cache/shared_informer.go:350 msg="Waiting for caches to sync" controller=thanos
ts=2025-07-31T10:39:33.939536989Z level=info caller=/go/pkg/mod/k8s.io/client-go@v0.33.1/tools/cache/shared_informer.go:357 msg="Caches are synced" controller=prometheusagent
ts=2025-07-31T10:39:33.963273669Z level=info caller=/go/pkg/mod/k8s.io/client-go@v0.33.1/tools/cache/shared_informer.go:350 msg="Waiting for caches to sync" controller=prometheusagent
ts=2025-07-31T10:39:33.963370421Z level=info caller=/go/pkg/mod/k8s.io/client-go@v0.33.1/tools/cache/shared_informer.go:357 msg="Caches are synced" controller=prometheusagent
ts=2025-07-31T10:39:33.963407894Z level=info caller=/go/pkg/mod/k8s.io/client-go@v0.33.1/tools/cache/shared_informer.go:350 msg="Waiting for caches to sync" controller=prometheusagent
ts=2025-07-31T10:39:34.398273719Z level=info caller=/go/pkg/mod/k8s.io/client-go@v0.33.1/tools/cache/shared_informer.go:357 msg="Caches are synced" controller=prometheus
ts=2025-07-31T10:39:34.398361472Z level=info caller=/go/pkg/mod/k8s.io/client-go@v0.33.1/tools/cache/shared_informer.go:350 msg="Waiting for caches to sync" controller=prometheus
ts=2025-07-31T10:39:34.468675403Z level=info caller=/go/pkg/mod/k8s.io/client-go@v0.33.1/tools/cache/shared_informer.go:357 msg="Caches are synced" controller=alertmanager
ts=2025-07-31T10:39:34.47192086Z level=info caller=/go/pkg/mod/k8s.io/client-go@v0.33.1/tools/cache/shared_informer.go:357 msg="Caches are synced" controller=prometheusagent
ts=2025-07-31T10:39:34.472371098Z level=info caller=/go/pkg/mod/k8s.io/client-go@v0.33.1/tools/cache/shared_informer.go:350 msg="Waiting for caches to sync" controller=prometheusagent
ts=2025-07-31T10:39:34.472404768Z level=info caller=/go/pkg/mod/k8s.io/client-go@v0.33.1/tools/cache/shared_informer.go:357 msg="Caches are synced" controller=prometheusagent
ts=2025-07-31T10:39:34.472418221Z level=info caller=/go/pkg/mod/k8s.io/client-go@v0.33.1/tools/cache/shared_informer.go:350 msg="Waiting for caches to sync" controller=prometheusagent
ts=2025-07-31T10:39:34.472447259Z level=info caller=/go/pkg/mod/k8s.io/client-go@v0.33.1/tools/cache/shared_informer.go:350 msg="Waiting for caches to sync" controller=alertmanager
ts=2025-07-31T10:39:34.597629024Z level=info caller=/go/pkg/mod/k8s.io/client-go@v0.33.1/tools/cache/shared_informer.go:357 msg="Caches are synced" controller=prometheusagent
ts=2025-07-31T10:39:34.598267897Z level=info caller=/go/pkg/mod/k8s.io/client-go@v0.33.1/tools/cache/shared_informer.go:350 msg="Waiting for caches to sync" controller=prometheusagent
ts=2025-07-31T10:39:34.598291978Z level=info caller=/go/pkg/mod/k8s.io/client-go@v0.33.1/tools/cache/shared_informer.go:357 msg="Caches are synced" controller=prometheusagent
ts=2025-07-31T10:39:34.598303765Z level=info caller=/go/pkg/mod/k8s.io/client-go@v0.33.1/tools/cache/shared_informer.go:350 msg="Waiting for caches to sync" controller=prometheusagent
ts=2025-07-31T10:39:34.598310019Z level=info caller=/go/pkg/mod/k8s.io/client-go@v0.33.1/tools/cache/shared_informer.go:357 msg="Caches are synced" controller=prometheusagent
ts=2025-07-31T10:39:34.598326393Z level=info caller=/go/pkg/mod/k8s.io/client-go@v0.33.1/tools/cache/shared_informer.go:350 msg="Waiting for caches to sync" controller=prometheusagent
ts=2025-07-31T10:39:34.598333083Z level=info caller=/go/pkg/mod/k8s.io/client-go@v0.33.1/tools/cache/shared_informer.go:357 msg="Caches are synced" controller=prometheusagent
ts=2025-07-31T10:39:34.598344578Z level=info caller=/go/pkg/mod/k8s.io/client-go@v0.33.1/tools/cache/shared_informer.go:350 msg="Waiting for caches to sync" controller=prometheusagent
ts=2025-07-31T10:39:34.598367481Z level=info caller=/go/pkg/mod/k8s.io/client-go@v0.33.1/tools/cache/shared_informer.go:357 msg="Caches are synced" controller=alertmanager
ts=2025-07-31T10:39:34.598380434Z level=info caller=/go/pkg/mod/k8s.io/client-go@v0.33.1/tools/cache/shared_informer.go:350 msg="Waiting for caches to sync" controller=alertmanager
ts=2025-07-31T10:39:34.885189427Z level=info caller=/go/pkg/mod/k8s.io/client-go@v0.33.1/tools/cache/shared_informer.go:357 msg="Caches are synced" controller=prometheusagent
ts=2025-07-31T10:39:34.88526366Z level=info caller=/go/pkg/mod/k8s.io/client-go@v0.33.1/tools/cache/shared_informer.go:350 msg="Waiting for caches to sync" controller=prometheusagent
ts=2025-07-31T10:39:34.88527283Z level=info caller=/go/pkg/mod/k8s.io/client-go@v0.33.1/tools/cache/shared_informer.go:357 msg="Caches are synced" controller=prometheusagent
ts=2025-07-31T10:39:34.885284674Z level=info caller=/workspace/pkg/prometheus/agent/operator.go:470 msg="successfully synced all caches" component=prometheusagent-controller
ts=2025-07-31T10:39:34.993497099Z level=info caller=/go/pkg/mod/k8s.io/client-go@v0.33.1/tools/cache/shared_informer.go:357 msg="Caches are synced" controller=thanos
ts=2025-07-31T10:39:34.994393115Z level=info caller=/go/pkg/mod/k8s.io/client-go@v0.33.1/tools/cache/shared_informer.go:350 msg="Waiting for caches to sync" controller=thanos
ts=2025-07-31T10:39:34.994643865Z level=info caller=/go/pkg/mod/k8s.io/client-go@v0.33.1/tools/cache/shared_informer.go:357 msg="Caches are synced" controller=thanos
ts=2025-07-31T10:39:34.994792423Z level=info caller=/go/pkg/mod/k8s.io/client-go@v0.33.1/tools/cache/shared_informer.go:350 msg="Waiting for caches to sync" controller=thanos
ts=2025-07-31T10:39:34.994806597Z level=info caller=/go/pkg/mod/k8s.io/client-go@v0.33.1/tools/cache/shared_informer.go:357 msg="Caches are synced" controller=thanos
ts=2025-07-31T10:39:34.994830436Z level=info caller=/go/pkg/mod/k8s.io/client-go@v0.33.1/tools/cache/shared_informer.go:350 msg="Waiting for caches to sync" controller=thanos
ts=2025-07-31T10:39:34.994852934Z level=info caller=/go/pkg/mod/k8s.io/client-go@v0.33.1/tools/cache/shared_informer.go:357 msg="Caches are synced" controller=thanos
ts=2025-07-31T10:39:34.994864157Z level=info caller=/workspace/pkg/thanos/operator.go:304 msg="successfully synced all caches" component=thanos-controller
ts=2025-07-31T10:39:34.999515397Z level=info caller=/go/pkg/mod/k8s.io/client-go@v0.33.1/tools/cache/shared_informer.go:357 msg="Caches are synced" controller=prometheus
ts=2025-07-31T10:39:34.999579261Z level=info caller=/go/pkg/mod/k8s.io/client-go@v0.33.1/tools/cache/shared_informer.go:350 msg="Waiting for caches to sync" controller=prometheus
ts=2025-07-31T10:39:34.999598199Z level=info caller=/go/pkg/mod/k8s.io/client-go@v0.33.1/tools/cache/shared_informer.go:357 msg="Caches are synced" controller=prometheus
ts=2025-07-31T10:39:34.999608855Z level=info caller=/go/pkg/mod/k8s.io/client-go@v0.33.1/tools/cache/shared_informer.go:350 msg="Waiting for caches to sync" controller=prometheus
ts=2025-07-31T10:39:34.99961483Z level=info caller=/go/pkg/mod/k8s.io/client-go@v0.33.1/tools/cache/shared_informer.go:357 msg="Caches are synced" controller=prometheus
ts=2025-07-31T10:39:34.99962776Z level=info caller=/go/pkg/mod/k8s.io/client-go@v0.33.1/tools/cache/shared_informer.go:350 msg="Waiting for caches to sync" controller=prometheus
ts=2025-07-31T10:39:34.999633621Z level=info caller=/go/pkg/mod/k8s.io/client-go@v0.33.1/tools/cache/shared_informer.go:357 msg="Caches are synced" controller=prometheus
ts=2025-07-31T10:39:34.999646236Z level=info caller=/go/pkg/mod/k8s.io/client-go@v0.33.1/tools/cache/shared_informer.go:350 msg="Waiting for caches to sync" controller=prometheus
ts=2025-07-31T10:39:34.999651981Z level=info caller=/go/pkg/mod/k8s.io/client-go@v0.33.1/tools/cache/shared_informer.go:357 msg="Caches are synced" controller=prometheus
ts=2025-07-31T10:39:34.999662232Z level=info caller=/go/pkg/mod/k8s.io/client-go@v0.33.1/tools/cache/shared_informer.go:350 msg="Waiting for caches to sync" controller=prometheus
ts=2025-07-31T10:39:34.999670606Z level=info caller=/go/pkg/mod/k8s.io/client-go@v0.33.1/tools/cache/shared_informer.go:357 msg="Caches are synced" controller=prometheus
ts=2025-07-31T10:39:34.999680927Z level=info caller=/go/pkg/mod/k8s.io/client-go@v0.33.1/tools/cache/shared_informer.go:350 msg="Waiting for caches to sync" controller=prometheus
ts=2025-07-31T10:39:35.237484789Z level=info caller=/go/pkg/mod/k8s.io/client-go@v0.33.1/tools/cache/shared_informer.go:357 msg="Caches are synced" controller=prometheus
ts=2025-07-31T10:39:35.237814317Z level=info caller=/go/pkg/mod/k8s.io/client-go@v0.33.1/tools/cache/shared_informer.go:350 msg="Waiting for caches to sync" controller=prometheus
ts=2025-07-31T10:39:35.237833931Z level=info caller=/go/pkg/mod/k8s.io/client-go@v0.33.1/tools/cache/shared_informer.go:357 msg="Caches are synced" controller=prometheus
ts=2025-07-31T10:39:35.237899832Z level=info caller=/go/pkg/mod/k8s.io/client-go@v0.33.1/tools/cache/shared_informer.go:350 msg="Waiting for caches to sync" controller=prometheus
ts=2025-07-31T10:39:35.237909127Z level=info caller=/go/pkg/mod/k8s.io/client-go@v0.33.1/tools/cache/shared_informer.go:357 msg="Caches are synced" controller=prometheus
ts=2025-07-31T10:39:35.23791722Z level=info caller=/go/pkg/mod/k8s.io/client-go@v0.33.1/tools/cache/shared_informer.go:350 msg="Waiting for caches to sync" controller=prometheus
ts=2025-07-31T10:39:35.237978359Z level=info caller=/go/pkg/mod/k8s.io/client-go@v0.33.1/tools/cache/shared_informer.go:357 msg="Caches are synced" controller=prometheus
ts=2025-07-31T10:39:35.249166677Z level=info caller=/go/pkg/mod/k8s.io/client-go@v0.33.1/tools/cache/shared_informer.go:357 msg="Caches are synced" controller=alertmanager
ts=2025-07-31T10:39:35.249313049Z level=info caller=/go/pkg/mod/k8s.io/client-go@v0.33.1/tools/cache/shared_informer.go:350 msg="Waiting for caches to sync" controller=alertmanager
ts=2025-07-31T10:39:35.249343768Z level=info caller=/go/pkg/mod/k8s.io/client-go@v0.33.1/tools/cache/shared_informer.go:357 msg="Caches are synced" controller=alertmanager
ts=2025-07-31T10:39:35.24937285Z level=info caller=/go/pkg/mod/k8s.io/client-go@v0.33.1/tools/cache/shared_informer.go:350 msg="Waiting for caches to sync" controller=alertmanager
ts=2025-07-31T10:39:35.249395894Z level=info caller=/go/pkg/mod/k8s.io/client-go@v0.33.1/tools/cache/shared_informer.go:357 msg="Caches are synced" controller=alertmanager
ts=2025-07-31T10:39:35.249437718Z level=info caller=/go/pkg/mod/k8s.io/client-go@v0.33.1/tools/cache/shared_informer.go:350 msg="Waiting for caches to sync" controller=alertmanager
ts=2025-07-31T10:39:35.24946092Z level=info caller=/go/pkg/mod/k8s.io/client-go@v0.33.1/tools/cache/shared_informer.go:357 msg="Caches are synced" controller=alertmanager
ts=2025-07-31T10:39:35.249481925Z level=info caller=/workspace/pkg/alertmanager/operator.go:327 msg="successfully synced all caches" component=alertmanager-controller
ts=2025-07-31T10:39:35.237991063Z level=info caller=/workspace/pkg/prometheus/server/operator.go:421 msg="successfully synced all caches" component=prometheus-controller
ts=2025-07-31T10:39:35.655564321Z level=info caller=/workspace/pkg/prometheus/server/operator.go:770 msg="sync prometheus" component=prometheus-controller key=default/prometheus-kube-prometheus-prometheus
ts=2025-07-31T10:39:35.685300273Z level=info caller=/workspace/pkg/alertmanager/operator.go:546 msg="sync alertmanager" component=alertmanager-controller key=default/prometheus-kube-prometheus-alertmanager
ts=2025-07-31T10:39:35.987788822Z level=info caller=/go/pkg/mod/k8s.io/client-go@v0.33.1/rest/warnings.go:110 msg="Warning: v1 Endpoints is deprecated in v1.33+; use discovery.k8s.io/v1 EndpointSlice"
ts=2025-07-31T10:39:36.3283599Z level=info caller=/go/pkg/mod/k8s.io/client-go@v0.33.1/rest/warnings.go:110 msg="Warning: v1 Endpoints is deprecated in v1.33+; use discovery.k8s.io/v1 EndpointSlice"
ts=2025-07-31T10:39:43.803384862Z level=info caller=/workspace/pkg/alertmanager/operator.go:546 msg="sync alertmanager" component=alertmanager-controller key=default/prometheus-kube-prometheus-alertmanager
ts=2025-07-31T10:39:48.634365618Z level=info caller=/workspace/pkg/prometheus/server/operator.go:770 msg="sync prometheus" component=prometheus-controller key=default/prometheus-kube-prometheus-prometheus
ts=2025-07-31T10:40:22.044214876Z level=info caller=/workspace/cmd/operator/main.go:642 msg="received SIGTERM, exiting gracefully..."
ts=2025-07-31T10:40:22.75668446Z level=info caller=/workspace/pkg/server/server.go:307 msg="shutting down web server"
ts=2025-07-31T10:40:23.443892261Z level=info caller=/go/pkg/mod/k8s.io/apiserver@v0.33.1/pkg/server/dynamiccertificates/dynamic_serving_content.go:149 msg="Shutting down controller" name=servingCert::/cert/cert::/cert/key
