I0731 09:33:30.052916       1 wrapper.go:120] "Starting kube-state-metrics"
W0731 09:33:30.183853       1 client_config.go:667] Neither --kubeconfig nor --master was specified.  Using the inClusterConfig.  This might not work.
I0731 09:33:30.184957       1 server.go:202] "Used resources" resources=["persistentvolumeclaims","statefulsets","ingresses","leases","mutatingwebhookconfigurations","namespaces","persistentvolumes","poddisruptionbudgets","pods","replicasets","cronjobs","daemonsets","jobs","replicationcontrollers","resourcequotas","volumeattachments","certificatesigningrequests","configmaps","endpoints","secrets","services","storageclasses","validatingwebhookconfigurations","deployments","horizontalpodautoscalers","limitranges","networkpolicies","nodes"]
I0731 09:33:30.187354       1 types.go:195] "Using all namespaces"
I0731 09:33:30.187406       1 server.go:235] "Metric allow-denylisting" allowDenyStatus="Excluding the following lists that were on denylist: "
W0731 09:33:30.187437       1 client_config.go:667] Neither --kubeconfig nor --master was specified.  Using the inClusterConfig.  This might not work.
I0731 09:33:31.052156       1 utils.go:70] "Tested communication with server"
I0731 09:33:31.322529       1 utils.go:75] "Run with Kubernetes cluster version" major="1" minor="33" gitVersion="v1.33.1" gitTreeState="clean" gitCommit="8adc0f041b8e7ad1d30e29cc59c6ae7a15e19828" platform="linux/amd64"
I0731 09:33:31.322759       1 utils.go:76] "Communication with server successful"
I0731 09:33:31.403745       1 server.go:364] "Started metrics server" metricsServerAddress="[::]:8080"
I0731 09:33:31.413125       1 server.go:353] "Started kube-state-metrics self metrics server" telemetryAddress="[::]:8081"
I0731 09:33:31.424883       1 metrics_handler.go:110] "Autosharding disabled"
I0731 09:33:31.453313       1 tls_config.go:347] "Listening on" address="[::]:8080"
I0731 09:33:31.454317       1 tls_config.go:350] "TLS is disabled." http2=false address="[::]:8080"
I0731 09:33:31.484736       1 builder.go:294] "Active resources" activeStoreNames="certificatesigningrequests,configmaps,cronjobs,daemonsets,deployments,endpoints,horizontalpodautoscalers,ingresses,jobs,leases,limitranges,mutatingwebhookconfigurations,namespaces,networkpolicies,nodes,persistentvolumeclaims,persistentvolumes,poddisruptionbudgets,pods,replicasets,replicationcontrollers,resourcequotas,secrets,services,statefulsets,storageclasses,validatingwebhookconfigurations,volumeattachments"
I0731 09:33:31.453966       1 tls_config.go:347] "Listening on" address="[::]:8081"
I0731 09:33:31.515662       1 tls_config.go:350] "TLS is disabled." http2=false address="[::]:8081"
W0731 09:33:31.709399       1 warnings.go:70] v1 Endpoints is deprecated in v1.33+; use discovery.k8s.io/v1 EndpointSlice
W0731 09:33:31.988856       1 warnings.go:70] v1 Endpoints is deprecated in v1.33+; use discovery.k8s.io/v1 EndpointSlice
W0731 09:38:46.010598       1 warnings.go:70] v1 Endpoints is deprecated in v1.33+; use discovery.k8s.io/v1 EndpointSlice
I0731 09:40:42.580664       1 request.go:729] Waited for 2.111623307s due to client-side throttling, not priority and fairness, request: GET:https://10.96.0.1:443/livez
W0731 09:46:30.187052       1 warnings.go:70] v1 Endpoints is deprecated in v1.33+; use discovery.k8s.io/v1 EndpointSlice
W0731 09:55:40.039816       1 warnings.go:70] v1 Endpoints is deprecated in v1.33+; use discovery.k8s.io/v1 EndpointSlice
W0731 10:05:32.150460       1 warnings.go:70] v1 Endpoints is deprecated in v1.33+; use discovery.k8s.io/v1 EndpointSlice
W0731 10:14:45.023226       1 warnings.go:70] v1 Endpoints is deprecated in v1.33+; use discovery.k8s.io/v1 EndpointSlice
W0731 10:24:04.671878       1 warnings.go:70] v1 Endpoints is deprecated in v1.33+; use discovery.k8s.io/v1 EndpointSlice
W0731 10:30:23.434150       1 warnings.go:70] v1 Endpoints is deprecated in v1.33+; use discovery.k8s.io/v1 EndpointSlice
W0731 10:38:21.344965       1 warnings.go:70] v1 Endpoints is deprecated in v1.33+; use discovery.k8s.io/v1 EndpointSlice
