logger=settings t=2025-07-31T05:38:09.015304595Z level=info msg="Starting Grafana" version=12.1.0 commit=ccd7b6ce7ea6184b8c7eb1de044174147dd9a648 branch=HEAD compiled=2025-07-31T05:38:08Z
logger=settings t=2025-07-31T05:38:09.017712643Z level=info msg="Config loaded from" file=/usr/share/grafana/conf/defaults.ini
logger=settings t=2025-07-31T05:38:09.017767315Z level=info msg="Config loaded from" file=/etc/grafana/grafana.ini
logger=settings t=2025-07-31T05:38:09.017774406Z level=info msg="Config overridden from command line" arg="default.paths.data=/var/lib/grafana/"
logger=settings t=2025-07-31T05:38:09.017777464Z level=info msg="Config overridden from command line" arg="default.paths.logs=/var/log/grafana"
logger=settings t=2025-07-31T05:38:09.017780179Z level=info msg="Config overridden from command line" arg="default.paths.plugins=/var/lib/grafana/plugins"
logger=settings t=2025-07-31T05:38:09.020896635Z level=info msg="Config overridden from command line" arg="default.paths.provisioning=/etc/grafana/provisioning"
logger=settings t=2025-07-31T05:38:09.020904738Z level=info msg="Config overridden from command line" arg="default.log.mode=console"
logger=settings t=2025-07-31T05:38:09.02090882Z level=info msg="Config overridden from Environment variable" var="GF_PATHS_DATA=/var/lib/grafana/"
logger=settings t=2025-07-31T05:38:09.020920918Z level=info msg="Config overridden from Environment variable" var="GF_PATHS_LOGS=/var/log/grafana"
logger=settings t=2025-07-31T05:38:09.020924877Z level=info msg="Config overridden from Environment variable" var="GF_PATHS_PLUGINS=/var/lib/grafana/plugins"
logger=settings t=2025-07-31T05:38:09.020931099Z level=info msg="Config overridden from Environment variable" var="GF_PATHS_PROVISIONING=/etc/grafana/provisioning"
logger=settings t=2025-07-31T05:38:09.020933845Z level=info msg="Config overridden from Environment variable" var="GF_SECURITY_ADMIN_USER=admin"
logger=settings t=2025-07-31T05:38:09.02093686Z level=info msg="Config overridden from Environment variable" var="GF_SECURITY_ADMIN_PASSWORD=*********"
logger=settings t=2025-07-31T05:38:09.020939992Z level=info msg=Target target=[all]
logger=settings t=2025-07-31T05:38:09.020952513Z level=info msg="Path Home" path=/usr/share/grafana
logger=settings t=2025-07-31T05:38:09.020956133Z level=info msg="Path Data" path=/var/lib/grafana/
logger=settings t=2025-07-31T05:38:09.020959024Z level=info msg="Path Logs" path=/var/log/grafana
logger=settings t=2025-07-31T05:38:09.020961451Z level=info msg="Path Plugins" path=/var/lib/grafana/plugins
logger=settings t=2025-07-31T05:38:09.020964371Z level=info msg="Path Provisioning" path=/etc/grafana/provisioning
logger=settings t=2025-07-31T05:38:09.020967766Z level=info msg="App mode production"
logger=featuremgmt t=2025-07-31T05:38:09.02212379Z level=info msg=FeatureToggles cloudWatchNewLabelParsing=true externalCorePlugins=true ssoSettingsLDAP=true correlations=true annotationPermissionUpdate=true skipTokenRotationIfRecent=true newDashboardSharingComponent=true logRowsPopoverMenu=true teamHttpHeadersMimir=true logsPanelControls=true dashboardScene=true unifiedRequestLog=true alertingRuleRecoverDeleted=true prometheusAzureOverrideAudience=true cloudWatchCrossAccountQuerying=true onPremToCloudMigrations=true cloudWatchRoundUpEndTime=true newPDFRendering=true unifiedStorageHistoryPruner=true pluginsDetailsRightPanel=true recordedQueriesMulti=true kubernetesClientDashboardsFolders=true unifiedStorageSearchPermissionFiltering=true dashboardSceneSolo=true lokiLabelNamesQueryApi=true panelMonitoring=true alertingNotificationsStepMode=true publicDashboardsScene=true alertingBulkActionsInUI=true grafanaconThemes=true improvedExternalSessionHandlingSAML=true dataplaneFrontendFallback=true tlsMemcached=true preinstallAutoUpdate=true useSessionStorageForRedirection=true azureMonitorPrometheusExemplars=true lokiQuerySplitting=true transformationsRedesign=true tabularNumbers=true ssoSettingsSAML=true logsContextDatasourceUi=true dashgpt=true alertingMigrationUI=true logsInfiniteScrolling=true alertingRuleVersionHistoryRestore=true dashboardSceneForViewers=true formatString=true addFieldFromCalculationStatFunctions=true pinNavItems=true jaegerBackendMigration=true alertRuleRestore=true azureMonitorEnableUserAuth=true promQLScope=true newFiltersUI=true improvedExternalSessionHandling=true groupToNestedTableTransformation=true alertingRulePermanentlyDelete=true alertingUIOptimizeReducer=true nestedFolders=true alertingImportYAMLUI=true awsAsyncQueryCaching=true influxdbBackendMigration=true logsExploreTableVisualisation=true alertingQueryAndExpressionsStepMode=true
logger=sqlstore t=2025-07-31T05:38:09.02223785Z level=info msg="Connecting to DB" dbtype=sqlite3
logger=migrator t=2025-07-31T05:38:09.087188785Z level=info msg="Locking database"
logger=migrator t=2025-07-31T05:38:09.087250841Z level=info msg="Starting DB migrations"
logger=migrator t=2025-07-31T05:38:09.172225754Z level=info msg="migrations completed" performed=0 skipped=665 duration=4.107738ms
logger=migrator t=2025-07-31T05:38:09.173939061Z level=info msg="Unlocking database"
logger=secrets t=2025-07-31T05:38:09.174497443Z level=info msg="Envelope encryption state" enabled=true currentprovider=secretKey.v1
logger=plugin.angulardetectorsprovider.dynamic t=2025-07-31T05:38:09.691608108Z level=info msg="Restored cache from database" duration=2.272997ms
logger=entity-db t=2025-07-31T05:38:09.761363993Z level=info msg="Using database section" db_type=sqlite3
logger=entity-db t=2025-07-31T05:38:09.761497638Z level=info msg="Initializing Resource DB" db_type=sqlite3 open_conn=0 in_use_conn=0 idle_conn=0 max_open_conn=0
logger=resource-migrator t=2025-07-31T05:38:09.775755863Z level=info msg="Locking database"
logger=resource-migrator t=2025-07-31T05:38:09.775817348Z level=info msg="Starting DB migrations"
logger=resource-migrator t=2025-07-31T05:38:09.799149975Z level=info msg="migrations completed" performed=0 skipped=26 duration=55.595µs
logger=resource-migrator t=2025-07-31T05:38:09.800072146Z level=info msg="Unlocking database"
t=2025-07-31T05:38:09.800658079Z level=info caller=logger.go:214 time=2025-07-31T05:38:09.80063205Z msg="Using channel notifier" logger=sql-resource-server
logger=plugin.store t=2025-07-31T05:38:09.869101719Z level=info msg="Loading plugins..."
logger=plugins.registration t=2025-07-31T05:38:10.260767121Z level=error msg="Could not register plugin" pluginId=table error="plugin table is already registered"
logger=plugins.initialization t=2025-07-31T05:38:10.260802436Z level=error msg="Could not initialize plugin" pluginId=table error="plugin table is already registered"
logger=plugins.registration t=2025-07-31T05:38:10.381735261Z level=info msg="Plugin registered" pluginId=grafana-exploretraces-app
logger=plugins.registration t=2025-07-31T05:38:10.5187445Z level=info msg="Plugin registered" pluginId=grafana-lokiexplore-app
logger=plugins.registration t=2025-07-31T05:38:10.581706919Z level=info msg="Plugin registered" pluginId=grafana-metricsdrilldown-app
logger=plugins.registration t=2025-07-31T05:38:10.634269236Z level=info msg="Plugin registered" pluginId=grafana-pyroscope-app
logger=plugin.store t=2025-07-31T05:38:10.634325158Z level=info msg="Plugins loaded" count=57 duration=765.224413ms
logger=query_data t=2025-07-31T05:38:10.655792181Z level=info msg="Query Service initialization"
logger=live.push_http t=2025-07-31T05:38:10.663528929Z level=info msg="Live Push Gateway initialization"
logger=ngalert.notifier component=alertmanager orgID=1 t=2025-07-31T05:38:10.670157172Z level=info msg="Applying new configuration to Alertmanager" configHash=d2c56faca6af2a5772ff4253222f7386
logger=ngalert.writer t=2025-07-31T05:38:10.690043366Z level=info msg="Setting up remote write using data sources" timeout=10s default_datasource_uid=
logger=ngalert t=2025-07-31T05:38:10.691337495Z level=info msg="Using simple database alert instance store"
logger=ngalert.state.manager.persist t=2025-07-31T05:38:10.691431506Z level=info msg="Using sync state persister"
logger=infra.usagestats.collector t=2025-07-31T05:38:10.705424658Z level=info msg="registering usage stat providers" usageStatsProvidersLen=2
logger=grafanaStorageLogger t=2025-07-31T05:38:10.706877541Z level=info msg="Storage starting"
logger=ngalert.state.manager t=2025-07-31T05:38:10.707184155Z level=info msg="Warming state cache for startup"
logger=http.server t=2025-07-31T05:38:10.717557138Z level=info msg="HTTP Server Listen" address=[::]:3000 protocol=http subUrl= socket=
logger=ngalert.multiorg.alertmanager t=2025-07-31T05:38:10.718081753Z level=info msg="Starting MultiOrg Alertmanager"
logger=ngalert.state.manager t=2025-07-31T05:38:10.736762616Z level=info msg="State cache has been initialized" states=0 duration=29.576073ms
logger=ngalert.scheduler t=2025-07-31T05:38:10.737000276Z level=info msg="Starting scheduler" tickInterval=10s maxAttempts=3
logger=ticker t=2025-07-31T05:38:10.737869464Z level=info msg=starting first_tick=2025-07-31T05:38:20Z
logger=sqlstore.transactions t=2025-07-31T05:38:10.869810361Z level=info msg="Database locked, sleeping then retrying" error="database is locked" retry=0
logger=provisioning.alerting t=2025-07-31T05:38:10.893400714Z level=info msg="starting to provision alerting"
logger=provisioning.alerting t=2025-07-31T05:38:10.893500999Z level=info msg="finished to provision alerting"
logger=provisioning.dashboard t=2025-07-31T05:38:10.893997597Z level=info msg="starting to provision dashboards"
logger=provisioning.dashboard t=2025-07-31T05:38:10.894043289Z level=info msg="finished to provision dashboards"
logger=grafana-apiserver t=2025-07-31T05:38:11.279100935Z level=info msg="Adding GroupVersion features.grafana.app v0alpha1 to ResourceManager"
logger=grafana-apiserver t=2025-07-31T05:38:11.282389204Z level=info msg="Adding GroupVersion playlist.grafana.app v0alpha1 to ResourceManager"
logger=grafana-apiserver t=2025-07-31T05:38:11.287842812Z level=info msg="Adding GroupVersion iam.grafana.app v0alpha1 to ResourceManager"
logger=grafana-apiserver t=2025-07-31T05:38:11.289733022Z level=info msg="Adding GroupVersion userstorage.grafana.app v0alpha1 to ResourceManager"
logger=grafana-apiserver t=2025-07-31T05:38:11.293272752Z level=info msg="Adding GroupVersion notifications.alerting.grafana.app v0alpha1 to ResourceManager"
logger=grafana-apiserver t=2025-07-31T05:38:11.296976352Z level=info msg="Adding GroupVersion dashboard.grafana.app v1beta1 to ResourceManager"
logger=grafana-apiserver t=2025-07-31T05:38:11.297585349Z level=info msg="Adding GroupVersion dashboard.grafana.app v0alpha1 to ResourceManager"
logger=grafana-apiserver t=2025-07-31T05:38:11.29846577Z level=info msg="Adding GroupVersion dashboard.grafana.app v2alpha1 to ResourceManager"
logger=grafana-apiserver t=2025-07-31T05:38:11.299709748Z level=info msg="Adding GroupVersion folder.grafana.app v1beta1 to ResourceManager"
logger=app-registry t=2025-07-31T05:38:11.540770752Z level=info msg="app registry initialized"
logger=plugin.backgroundinstaller t=2025-07-31T05:38:20.719035829Z level=error msg="Failed to get plugin info" pluginId=grafana-exploretraces-app error="Get \"https://grafana.com/api/plugins/grafana-exploretraces-app/versions\": context deadline exceeded (Client.Timeout exceeded while awaiting headers)"
logger=grafana.update.checker t=2025-07-31T05:38:20.724924883Z level=error msg="Update check failed" error="failed to get stable version from grafana.com: Get \"https://grafana.com/api/grafana/versions/stable\": dial tcp: lookup grafana.com: i/o timeout" duration=10.006459886s
logger=plugin.backgroundinstaller t=2025-07-31T05:38:20.732288277Z level=error msg="Failed to get plugin info" pluginId=grafana-metricsdrilldown-app error="Get \"https://grafana.com/api/plugins/grafana-metricsdrilldown-app/versions\": dial tcp: lookup grafana.com on 10.96.0.10:53: read udp 10.244.0.157:58114->10.96.0.10:53: read: connection refused"
logger=plugin.backgroundinstaller t=2025-07-31T05:38:30.731304344Z level=error msg="Failed to get plugin info" pluginId=grafana-lokiexplore-app error="Get \"https://grafana.com/api/plugins/grafana-lokiexplore-app/versions\": context deadline exceeded (Client.Timeout exceeded while awaiting headers)"
logger=plugin.backgroundinstaller t=2025-07-31T05:38:30.736608325Z level=error msg="Failed to get plugin info" pluginId=grafana-pyroscope-app error="Get \"https://grafana.com/api/plugins/grafana-pyroscope-app/versions\": dial tcp: lookup grafana.com on 10.96.0.10:53: read udp 10.244.0.157:59406->10.96.0.10:53: read: connection refused"
logger=infra.usagestats t=2025-07-31T05:39:27.76862505Z level=info msg="Usage stats are ready to report"
logger=cleanup t=2025-07-31T05:48:10.775926949Z level=info msg="Completed cleanup jobs" duration=58.208291ms
logger=plugins.update.checker t=2025-07-31T05:48:21.268664262Z level=info msg="Update check succeeded" duration=546.888069ms
logger=cleanup t=2025-07-31T05:58:10.780045784Z level=info msg="Completed cleanup jobs" duration=72.162368ms
logger=plugins.update.checker t=2025-07-31T05:58:21.274165745Z level=info msg="Update check succeeded" duration=564.187133ms
logger=cleanup t=2025-07-31T06:08:10.80535012Z level=info msg="Completed cleanup jobs" duration=65.707941ms
logger=plugins.update.checker t=2025-07-31T06:08:21.186176317Z level=info msg="Update check succeeded" duration=445.24687ms
logger=infra.usagestats t=2025-07-31T06:09:27.836385365Z level=info msg="Usage stats are ready to report"
logger=cleanup t=2025-07-31T06:18:10.805392073Z level=info msg="Completed cleanup jobs" duration=64.861343ms
logger=plugins.update.checker t=2025-07-31T06:18:21.163485053Z level=info msg="Update check succeeded" duration=430.739776ms
logger=cleanup t=2025-07-31T06:28:10.812513894Z level=info msg="Completed cleanup jobs" duration=84.174042ms
logger=plugins.update.checker t=2025-07-31T06:28:21.444899465Z level=info msg="Update check succeeded" duration=712.59756ms
logger=cleanup t=2025-07-31T06:38:11.204083196Z level=info msg="Completed cleanup jobs" duration=472.513646ms
logger=plugins.update.checker t=2025-07-31T06:38:21.458419138Z level=info msg="Update check succeeded" duration=729.188053ms
logger=infra.usagestats t=2025-07-31T06:39:27.88313545Z level=info msg="Usage stats are ready to report"
logger=cleanup t=2025-07-31T06:48:10.777782277Z level=info msg="Completed cleanup jobs" duration=67.011242ms
logger=plugins.update.checker t=2025-07-31T06:48:21.155204498Z level=info msg="Update check succeeded" duration=444.036594ms
logger=cleanup t=2025-07-31T06:58:10.936216138Z level=info msg="Completed cleanup jobs" duration=185.308422ms
logger=plugins.update.checker t=2025-07-31T06:58:21.15923679Z level=info msg="Update check succeeded" duration=406.010347ms
logger=cleanup t=2025-07-31T07:08:10.942304219Z level=info msg="Completed cleanup jobs" duration=172.255685ms
logger=plugins.update.checker t=2025-07-31T07:08:21.201853466Z level=info msg="Update check succeeded" duration=430.129874ms
logger=infra.usagestats t=2025-07-31T07:09:27.887087988Z level=info msg="Usage stats are ready to report"
logger=cleanup t=2025-07-31T07:18:10.839101015Z level=info msg="Completed cleanup jobs" duration=80.676641ms
logger=plugins.update.checker t=2025-07-31T07:18:21.168528054Z level=info msg="Update check succeeded" duration=406.708303ms
logger=cleanup t=2025-07-31T07:28:11.064913273Z level=info msg="Completed cleanup jobs" duration=345.963296ms
logger=plugins.update.checker t=2025-07-31T07:28:21.225299822Z level=info msg="Update check succeeded" duration=500.405512ms
logger=sqlstore.transactions t=2025-07-31T08:34:50.561558805Z level=info msg="Database locked, sleeping then retrying" error="database is locked" retry=0
logger=cleanup t=2025-07-31T08:34:50.789895614Z level=info msg="Completed cleanup jobs" duration=368.316507ms
logger=plugins.update.checker t=2025-07-31T08:35:01.174586988Z level=info msg="Update check succeeded" duration=746.259992ms
logger=infra.usagestats t=2025-07-31T08:36:08.135519661Z level=info msg="Usage stats are ready to report"
logger=cleanup t=2025-07-31T08:44:57.389359914Z level=info msg="Completed cleanup jobs" duration=3.389243776s
logger=plugins.update.checker t=2025-07-31T08:45:03.096205905Z level=info msg="Update check succeeded" duration=2.642873797s
logger=cleanup t=2025-07-31T08:54:50.407029653Z level=info msg="Completed cleanup jobs" duration=28.768819ms
logger=plugins.update.checker t=2025-07-31T08:55:01.148248915Z level=info msg="Update check succeeded" duration=766.829699ms
logger=cleanup t=2025-07-31T09:04:50.63465943Z level=info msg="Completed cleanup jobs" duration=152.641185ms
logger=plugins.update.checker t=2025-07-31T09:05:00.891278333Z level=info msg="Update check succeeded" duration=408.509614ms
logger=infra.usagestats t=2025-07-31T09:06:08.219242576Z level=info msg="Usage stats are ready to report"
logger=plugins.update.checker t=2025-07-31T09:15:04.164318743Z level=info msg="Update check succeeded" duration=3.332430083s
logger=cleanup t=2025-07-31T09:15:04.478867383Z level=info msg="Completed cleanup jobs" duration=13.769334682s
logger=cleanup t=2025-07-31T09:25:08.615330562Z level=info msg="Completed cleanup jobs" duration=18.137250191s
logger=plugins.update.checker t=2025-07-31T09:25:16.705177084Z level=info msg="Update check succeeded" duration=15.815307452s
logger=cleanup t=2025-07-31T09:34:51.669871568Z level=info msg="Completed cleanup jobs" duration=1.123196652s
logger=infra.usagestats t=2025-07-31T09:36:08.18593507Z level=info msg="Usage stats are ready to report"
logger=cleanup t=2025-07-31T09:44:51.22161502Z level=info msg="Completed cleanup jobs" duration=719.849773ms
logger=plugins.update.checker t=2025-07-31T09:45:05.190997329Z level=info msg="Update check succeeded" duration=4.533678374s
logger=cleanup t=2025-07-31T09:54:50.722652269Z level=info msg="Completed cleanup jobs" duration=219.221915ms
logger=plugins.update.checker t=2025-07-31T09:55:01.166600532Z level=info msg="Update check succeeded" duration=642.229072ms
logger=cleanup t=2025-07-31T10:05:02.39093282Z level=info msg="Completed cleanup jobs" duration=11.865263548s
logger=plugins.update.checker t=2025-07-31T10:05:07.565588325Z level=info msg="Update check succeeded" duration=5.948110283s
logger=infra.usagestats t=2025-07-31T10:06:10.022075266Z level=info msg="Usage stats are ready to report"
logger=context userId=0 orgId=0 uname= t=2025-07-31T10:14:49.987478122Z level=info msg="Request Completed" method=GET path=/ status=302 remote_addr=127.0.0.1 time_ms=757 duration=757.017012ms size=47 referer= handler=/ status_source=server
logger=context userId=0 orgId=0 uname= t=2025-07-31T10:14:50.696068882Z level=info msg="Request Completed" method=GET path=/user/auth-tokens/rotate status=302 remote_addr=127.0.0.1 time_ms=241 duration=241.894092ms size=24 referer= handler=/user/auth-tokens/rotate status_source=server
logger=cleanup t=2025-07-31T10:14:53.245228885Z level=info msg="Completed cleanup jobs" duration=2.670458586s
logger=context userId=1 orgId=1 uname=admin t=2025-07-31T10:14:58.948494465Z level=info msg="Request Completed" method=GET path=/api/live/ws status=-1 remote_addr=127.0.0.1 time_ms=1134 duration=1.134667709s size=0 referer= handler=/api/live/ws status_source=server
logger=plugins.update.checker t=2025-07-31T10:15:05.666637623Z level=info msg="Update check succeeded" duration=4.989485312s
logger=cleanup t=2025-07-31T10:24:51.275576224Z level=info msg="Completed cleanup jobs" duration=794.06116ms
logger=plugins.update.checker t=2025-07-31T10:25:00.878990984Z level=info msg="Update check succeeded" duration=399.162819ms
logger=context userId=1 orgId=1 uname=admin t=2025-07-31T10:27:50.849666152Z level=info msg="Request Completed" method=POST path=/api/ds/query status=400 remote_addr=127.0.0.1 time_ms=9472 duration=9.472788677s size=178 referer="http://localhost:3000/dashboard/new?editPanel=1&from=now-5m&orgId=1&timezone=browser&to=now" handler=/api/ds/query status_source=downstream
logger=secrets.kvstore t=2025-07-31T10:28:04.252805187Z level=error msg="error getting secret value" orgId=1 type=datasource namespace=Prometheus err="context canceled"
logger=context userId=1 orgId=1 uname=admin t=2025-07-31T10:28:04.438428243Z level=info msg="Request Completed" method=POST path=/api/ds/query status=499 remote_addr=127.0.0.1 time_ms=1254 duration=1.254826953s size=81 referer="http://localhost:3000/dashboard/new?editPanel=1&from=now-5m&orgId=1&timezone=browser&to=now" handler=/api/ds/query status_source=server errorReason="Client closed request" errorMessageID=api.requestCanceled error="response: request canceled: context canceled"
logger=context userId=1 orgId=1 uname=admin t=2025-07-31T10:33:58.482552233Z level=info msg="Request Completed" method=GET path=/api/live/ws status=-1 remote_addr=127.0.0.1 time_ms=10 duration=10.246438ms size=0 referer= handler=/api/live/ws status_source=server
logger=cleanup t=2025-07-31T10:34:50.936310891Z level=info msg="Completed cleanup jobs" duration=394.274111ms
logger=plugins.update.checker t=2025-07-31T10:35:01.033405188Z level=info msg="Update check succeeded" duration=461.565284ms
logger=infra.usagestats t=2025-07-31T10:36:57.247944221Z level=info msg="Usage stats are ready to report"
logger=context userId=0 orgId=0 uname= t=2025-07-31T10:37:22.925714526Z level=error msg="Request Completed" method=GET path=/api/live/ws status=500 remote_addr=127.0.0.1 time_ms=24018 duration=24.0187622s size=133 referer= handler=/api/live/ws status_source=server errorReason=InternalError errorMessageID=user.sync.fetch error="failed to resolve user: context canceled"
logger=context userId=1 orgId=1 uname=admin t=2025-07-31T10:37:42.393630075Z level=info msg="Request Completed" method=GET path=/api/live/ws status=-1 remote_addr=127.0.0.1 time_ms=15897 duration=15.897809425s size=0 referer= handler=/api/live/ws status_source=server
